mode: set
product-management-system/cmd/server/main.go:12.13,33.2 7 0
product-management-system/cmd/image_processor/main.go:5.13,7.2 1 0
product-management-system/cmd/image_processor_main.go:5.13,7.2 1 0
product-management-system/controllers/product_controller.go:17.61,19.16 2 0
product-management-system/controllers/product_controller.go:19.16,21.3 1 0
product-management-system/controllers/product_controller.go:22.2,25.16 3 0
product-management-system/controllers/product_controller.go:25.16,27.3 1 0
product-management-system/controllers/product_controller.go:28.2,40.16 3 0
product-management-system/controllers/product_controller.go:40.16,42.3 1 0
product-management-system/controllers/product_controller.go:44.2,45.12 2 0
product-management-system/controllers/product_controller.go:48.36,50.51 2 1
product-management-system/controllers/product_controller.go:50.51,54.3 3 1
product-management-system/controllers/product_controller.go:57.2,74.34 4 0
product-management-system/controllers/product_controller.go:74.34,78.3 3 0
product-management-system/controllers/product_controller.go:81.2,82.70 2 0
product-management-system/controllers/product_controller.go:82.70,86.3 3 0
product-management-system/controllers/product_controller.go:89.2,89.91 1 0
product-management-system/controllers/product_controller.go:92.37,112.16 5 1
product-management-system/controllers/product_controller.go:112.16,115.3 2 1
product-management-system/controllers/product_controller.go:117.2,117.32 1 0
product-management-system/controllers/product_controller.go:120.34,126.48 5 1
product-management-system/controllers/product_controller.go:126.48,130.3 3 0
product-management-system/controllers/product_controller.go:131.2,131.63 1 1
product-management-system/controllers/product_controller.go:131.63,135.3 3 0
product-management-system/controllers/product_controller.go:136.2,136.54 1 1
product-management-system/controllers/product_controller.go:136.54,138.17 2 1
product-management-system/controllers/product_controller.go:138.17,141.4 2 1
product-management-system/controllers/product_controller.go:142.3,144.10 3 0
product-management-system/controllers/product_controller.go:146.2,146.54 1 1
product-management-system/controllers/product_controller.go:146.54,148.17 2 0
product-management-system/controllers/product_controller.go:148.17,151.4 2 0
product-management-system/controllers/product_controller.go:152.3,154.10 3 0
product-management-system/controllers/product_controller.go:157.2,161.22 2 1
product-management-system/controllers/product_controller.go:161.22,163.3 1 0
product-management-system/controllers/product_controller.go:165.2,166.16 2 1
product-management-system/controllers/product_controller.go:166.16,169.3 2 0
product-management-system/controllers/product_controller.go:170.2,172.18 2 1
product-management-system/controllers/product_controller.go:172.18,183.17 3 1
product-management-system/controllers/product_controller.go:183.17,186.4 2 0
product-management-system/controllers/product_controller.go:187.3,187.39 1 1
product-management-system/controllers/product_controller.go:190.2,190.33 1 1
product-management-system/routes/routes.go:13.3,17.2 3 1
product-management-system/config/config.go:12.18,18.16 4 1
product-management-system/config/config.go:18.16,20.3 1 0
product-management-system/config/config.go:23.2,24.16 2 1
product-management-system/config/config.go:24.16,26.3 1 0
product-management-system/config/config.go:28.2,28.41 1 1
product-management-system/services/image_processor.go:10.28,13.16 2 0
product-management-system/services/image_processor.go:13.16,15.3 1 0
product-management-system/services/image_processor.go:16.2,20.16 3 0
product-management-system/services/image_processor.go:20.16,22.3 1 0
product-management-system/services/image_processor.go:23.2,34.16 3 0
product-management-system/services/image_processor.go:34.16,36.3 1 0
product-management-system/services/image_processor.go:39.2,48.16 2 0
product-management-system/services/image_processor.go:48.16,50.3 1 0
product-management-system/services/image_processor.go:52.2,55.24 2 0
product-management-system/services/image_processor.go:55.24,58.38 3 0
product-management-system/services/image_processor.go:58.38,61.4 1 0
product-management-system/utils/cache.go:13.34,17.2 1 1
product-management-system/utils/cache.go:19.52,21.15 2 1
product-management-system/utils/cache.go:21.15,23.3 1 1
product-management-system/utils/cache.go:25.2,26.12 2 1
product-management-system/utils/cache.go:29.43,31.15 2 1
product-management-system/utils/cache.go:31.15,33.3 1 1
product-management-system/utils/cache.go:35.2,36.22 2 1
product-management-system/utils/cache.go:36.22,38.3 1 1
product-management-system/utils/cache.go:39.2,39.19 1 1
product-management-system/utils/error_handler.go:5.69,9.2 1 0
product-management-system/utils/logger.go:9.19,12.16 3 1
product-management-system/utils/logger.go:12.16,13.55 1 0
product-management-system/utils/logger.go:15.2,15.21 1 1
